[0.016s] Invoking command in '/home/biswash/pointcloud_to_laserscan/build/pointcloud_to_laserscan': CMAKE_PREFIX_PATH=${CMAKE_PREFIX_PATH}:/home/biswash/workspace/tutorial_gpt/install/task_1_hello_ros_py:/opt/ros/humble /usr/bin/cmake /home/biswash/pointcloud_to_laserscan -DCMAKE_INSTALL_PREFIX=/home/biswash/pointcloud_to_laserscan/install/pointcloud_to_laserscan
[0.139s] -- The C compiler identification is GNU 11.4.0
[0.247s] -- The CXX compiler identification is GNU 11.4.0
[0.262s] -- Detecting C compiler ABI info
[0.357s] -- Detecting C compiler ABI info - done
[0.376s] -- Check for working C compiler: /usr/bin/cc - skipped
[0.377s] -- Detecting C compile features
[0.378s] -- Detecting C compile features - done
[0.386s] -- Detecting CXX compiler ABI info
[0.529s] -- Detecting CXX compiler ABI info - done
[0.536s] -- Check for working CXX compiler: /usr/bin/c++ - skipped
[0.536s] -- Detecting CXX compile features
[0.536s] -- Detecting CXX compile features - done
[0.541s] -- Found ament_cmake_auto: 1.3.10 (/opt/ros/humble/share/ament_cmake_auto/cmake)
[0.733s] -- Found Python3: /usr/bin/python3 (found version "3.10.12") found components: Interpreter 
[1.010s] -- Found rosidl_generator_c: 3.1.5 (/opt/ros/humble/share/rosidl_generator_c/cmake)
[1.017s] -- Found rosidl_adapter: 3.1.5 (/opt/ros/humble/share/rosidl_adapter/cmake)
[1.029s] -- Found rosidl_generator_cpp: 3.1.5 (/opt/ros/humble/share/rosidl_generator_cpp/cmake)
[1.044s] -- Using all available rosidl_typesupport_c: rosidl_typesupport_fastrtps_c;rosidl_typesupport_introspection_c
[1.065s] -- Using all available rosidl_typesupport_cpp: rosidl_typesupport_fastrtps_cpp;rosidl_typesupport_introspection_cpp
[1.121s] -- Found rmw_implementation_cmake: 6.1.2 (/opt/ros/humble/share/rmw_implementation_cmake/cmake)
[1.125s] -- Found rmw_fastrtps_cpp: 6.2.7 (/opt/ros/humble/share/rmw_fastrtps_cpp/cmake)
[1.258s] -- Found OpenSSL: /usr/lib/x86_64-linux-gnu/libcrypto.so (found version "3.0.2")  
[1.291s] -- Found FastRTPS: /opt/ros/humble/include  
[1.345s] -- Using RMW implementation 'rmw_fastrtps_cpp' as default
[1.357s] -- Looking for pthread.h
[1.466s] -- Looking for pthread.h - found
[1.466s] -- Performing Test CMAKE_HAVE_LIBC_PTHREAD
[1.591s] -- Performing Test CMAKE_HAVE_LIBC_PTHREAD - Success
[1.594s] -- Found Threads: TRUE  
[1.862s] -- Found ament_lint_auto: 0.12.11 (/opt/ros/humble/share/ament_lint_auto/cmake)
[1.895s] -- Added test 'cppcheck' to perform static code analysis on C / C++ code
[1.895s] -- Configured cppcheck include dirs: /home/biswash/pointcloud_to_laserscan/include
[1.895s] -- Configured cppcheck exclude dirs and/or files: 
[1.904s] -- Added test 'cpplint' to check C / C++ code against the Google style
[1.904s] -- Configured cpplint exclude dirs and/or files: 
[1.905s] -- Added test 'flake8' to check Python code syntax and style conventions
[1.908s] -- Added test 'lint_cmake' to check CMake code style
[1.910s] -- Added test 'pep257' to check Python code against some of the docstring style conventions in PEP 257
[1.918s] -- Added test 'uncrustify' to check C / C++ code style
[1.918s] -- Configured uncrustify additional arguments: 
[1.920s] -- Added test 'xmllint' to check XML markup files
[1.924s] -- Configuring done
[1.960s] -- Generating done
[1.971s] -- Build files have been written to: /home/biswash/pointcloud_to_laserscan/build/pointcloud_to_laserscan
[1.986s] Invoked command in '/home/biswash/pointcloud_to_laserscan/build/pointcloud_to_laserscan' returned '0': CMAKE_PREFIX_PATH=${CMAKE_PREFIX_PATH}:/home/biswash/workspace/tutorial_gpt/install/task_1_hello_ros_py:/opt/ros/humble /usr/bin/cmake /home/biswash/pointcloud_to_laserscan -DCMAKE_INSTALL_PREFIX=/home/biswash/pointcloud_to_laserscan/install/pointcloud_to_laserscan
[1.987s] Invoking command in '/home/biswash/pointcloud_to_laserscan/build/pointcloud_to_laserscan': CMAKE_PREFIX_PATH=${CMAKE_PREFIX_PATH}:/home/biswash/workspace/tutorial_gpt/install/task_1_hello_ros_py:/opt/ros/humble /usr/bin/cmake --build /home/biswash/pointcloud_to_laserscan/build/pointcloud_to_laserscan -- -j12 -l12
[2.080s] [ 10%] [32mBuilding CXX object CMakeFiles/laserscan_to_pointcloud_node.dir/rclcpp_components/node_main_laserscan_to_pointcloud_node.cpp.o[0m
[2.080s] [ 20%] [32mBuilding CXX object CMakeFiles/laserscan_to_pointcloud.dir/src/laserscan_to_pointcloud_node.cpp.o[0m
[2.081s] [ 30%] [32mBuilding CXX object CMakeFiles/pointcloud_to_laserscan_node.dir/rclcpp_components/node_main_pointcloud_to_laserscan_node.cpp.o[0m
[5.309s] [ 40%] [32m[1mLinking CXX executable pointcloud_to_laserscan_node[0m
[5.392s] [ 50%] [32m[1mLinking CXX executable laserscan_to_pointcloud_node[0m
[5.516s] [ 50%] Built target pointcloud_to_laserscan_node
[5.580s] [ 50%] Built target laserscan_to_pointcloud_node
[12.771s] [ 60%] [32m[1mLinking CXX shared library liblaserscan_to_pointcloud.so[0m
[14.004s] [ 60%] Built target laserscan_to_pointcloud
[14.047s] [ 70%] [32mBuilding CXX object CMakeFiles/pointcloud_to_laserscan.dir/src/pointcloud_to_laserscan_node.cpp.o[0m
[24.346s] [ 80%] [32m[1mLinking CXX shared library libpointcloud_to_laserscan.so[0m
[25.223s] [ 80%] Built target pointcloud_to_laserscan
[25.275s] [ 90%] [32mBuilding CXX object CMakeFiles/dummy_pointcloud_publisher.dir/src/dummy_pointcloud_publisher.cpp.o[0m
[29.256s] [100%] [32m[1mLinking CXX executable dummy_pointcloud_publisher[0m
[29.547s] [100%] Built target dummy_pointcloud_publisher
[29.579s] Invoked command in '/home/biswash/pointcloud_to_laserscan/build/pointcloud_to_laserscan' returned '0': CMAKE_PREFIX_PATH=${CMAKE_PREFIX_PATH}:/home/biswash/workspace/tutorial_gpt/install/task_1_hello_ros_py:/opt/ros/humble /usr/bin/cmake --build /home/biswash/pointcloud_to_laserscan/build/pointcloud_to_laserscan -- -j12 -l12
[29.592s] Invoking command in '/home/biswash/pointcloud_to_laserscan/build/pointcloud_to_laserscan': CMAKE_PREFIX_PATH=${CMAKE_PREFIX_PATH}:/home/biswash/workspace/tutorial_gpt/install/task_1_hello_ros_py:/opt/ros/humble /usr/bin/cmake --install /home/biswash/pointcloud_to_laserscan/build/pointcloud_to_laserscan
[29.609s] -- Install configuration: ""
[29.609s] -- Installing: /home/biswash/pointcloud_to_laserscan/install/pointcloud_to_laserscan/lib/pointcloud_to_laserscan/laserscan_to_pointcloud_node
[29.610s] -- Set runtime path of "/home/biswash/pointcloud_to_laserscan/install/pointcloud_to_laserscan/lib/pointcloud_to_laserscan/laserscan_to_pointcloud_node" to ""
[29.610s] -- Installing: /home/biswash/pointcloud_to_laserscan/install/pointcloud_to_laserscan/lib/pointcloud_to_laserscan/pointcloud_to_laserscan_node
[29.610s] -- Set runtime path of "/home/biswash/pointcloud_to_laserscan/install/pointcloud_to_laserscan/lib/pointcloud_to_laserscan/pointcloud_to_laserscan_node" to ""
[29.610s] -- Installing: /home/biswash/pointcloud_to_laserscan/install/pointcloud_to_laserscan/include
[29.610s] -- Installing: /home/biswash/pointcloud_to_laserscan/install/pointcloud_to_laserscan/include/pointcloud_to_laserscan
[29.610s] -- Installing: /home/biswash/pointcloud_to_laserscan/install/pointcloud_to_laserscan/include/pointcloud_to_laserscan/pointcloud_to_laserscan_node.hpp
[29.610s] -- Installing: /home/biswash/pointcloud_to_laserscan/install/pointcloud_to_laserscan/include/pointcloud_to_laserscan/visibility_control.h
[29.610s] -- Installing: /home/biswash/pointcloud_to_laserscan/install/pointcloud_to_laserscan/include/pointcloud_to_laserscan/laserscan_to_pointcloud_node.hpp
[29.611s] -- Installing: /home/biswash/pointcloud_to_laserscan/install/pointcloud_to_laserscan/share/pointcloud_to_laserscan/environment/library_path.sh
[29.612s] -- Installing: /home/biswash/pointcloud_to_laserscan/install/pointcloud_to_laserscan/share/pointcloud_to_laserscan/environment/library_path.dsv
[29.612s] -- Installing: /home/biswash/pointcloud_to_laserscan/install/pointcloud_to_laserscan/lib/liblaserscan_to_pointcloud.so
[29.621s] -- Set runtime path of "/home/biswash/pointcloud_to_laserscan/install/pointcloud_to_laserscan/lib/liblaserscan_to_pointcloud.so" to ""
[29.621s] -- Installing: /home/biswash/pointcloud_to_laserscan/install/pointcloud_to_laserscan/lib/libpointcloud_to_laserscan.so
[29.630s] -- Set runtime path of "/home/biswash/pointcloud_to_laserscan/install/pointcloud_to_laserscan/lib/libpointcloud_to_laserscan.so" to ""
[29.630s] -- Installing: /home/biswash/pointcloud_to_laserscan/install/pointcloud_to_laserscan/lib/pointcloud_to_laserscan/dummy_pointcloud_publisher
[29.631s] -- Set runtime path of "/home/biswash/pointcloud_to_laserscan/install/pointcloud_to_laserscan/lib/pointcloud_to_laserscan/dummy_pointcloud_publisher" to ""
[29.631s] -- Installing: /home/biswash/pointcloud_to_laserscan/install/pointcloud_to_laserscan/share/pointcloud_to_laserscan/launch
[29.632s] -- Installing: /home/biswash/pointcloud_to_laserscan/install/pointcloud_to_laserscan/share/pointcloud_to_laserscan/launch/sample_pointcloud_to_laserscan_launch.py
[29.632s] -- Installing: /home/biswash/pointcloud_to_laserscan/install/pointcloud_to_laserscan/share/pointcloud_to_laserscan/launch/sample_laserscan_to_pointcloud_launch.py
[29.632s] -- Installing: /home/biswash/pointcloud_to_laserscan/install/pointcloud_to_laserscan/share/ament_index/resource_index/package_run_dependencies/pointcloud_to_laserscan
[29.632s] -- Installing: /home/biswash/pointcloud_to_laserscan/install/pointcloud_to_laserscan/share/ament_index/resource_index/parent_prefix_path/pointcloud_to_laserscan
[29.632s] -- Installing: /home/biswash/pointcloud_to_laserscan/install/pointcloud_to_laserscan/share/pointcloud_to_laserscan/environment/ament_prefix_path.sh
[29.633s] -- Installing: /home/biswash/pointcloud_to_laserscan/install/pointcloud_to_laserscan/share/pointcloud_to_laserscan/environment/ament_prefix_path.dsv
[29.633s] -- Installing: /home/biswash/pointcloud_to_laserscan/install/pointcloud_to_laserscan/share/pointcloud_to_laserscan/environment/path.sh
[29.633s] -- Installing: /home/biswash/pointcloud_to_laserscan/install/pointcloud_to_laserscan/share/pointcloud_to_laserscan/environment/path.dsv
[29.633s] -- Installing: /home/biswash/pointcloud_to_laserscan/install/pointcloud_to_laserscan/share/pointcloud_to_laserscan/local_setup.bash
[29.633s] -- Installing: /home/biswash/pointcloud_to_laserscan/install/pointcloud_to_laserscan/share/pointcloud_to_laserscan/local_setup.sh
[29.633s] -- Installing: /home/biswash/pointcloud_to_laserscan/install/pointcloud_to_laserscan/share/pointcloud_to_laserscan/local_setup.zsh
[29.633s] -- Installing: /home/biswash/pointcloud_to_laserscan/install/pointcloud_to_laserscan/share/pointcloud_to_laserscan/local_setup.dsv
[29.634s] -- Installing: /home/biswash/pointcloud_to_laserscan/install/pointcloud_to_laserscan/share/pointcloud_to_laserscan/package.dsv
[29.634s] -- Installing: /home/biswash/pointcloud_to_laserscan/install/pointcloud_to_laserscan/share/ament_index/resource_index/packages/pointcloud_to_laserscan
[29.634s] -- Installing: /home/biswash/pointcloud_to_laserscan/install/pointcloud_to_laserscan/share/ament_index/resource_index/rclcpp_components/pointcloud_to_laserscan
[29.634s] -- Installing: /home/biswash/pointcloud_to_laserscan/install/pointcloud_to_laserscan/share/pointcloud_to_laserscan/cmake/ament_cmake_export_dependencies-extras.cmake
[29.634s] -- Installing: /home/biswash/pointcloud_to_laserscan/install/pointcloud_to_laserscan/share/pointcloud_to_laserscan/cmake/ament_cmake_export_include_directories-extras.cmake
[29.634s] -- Installing: /home/biswash/pointcloud_to_laserscan/install/pointcloud_to_laserscan/share/pointcloud_to_laserscan/cmake/ament_cmake_export_libraries-extras.cmake
[29.635s] -- Installing: /home/biswash/pointcloud_to_laserscan/install/pointcloud_to_laserscan/share/pointcloud_to_laserscan/cmake/pointcloud_to_laserscanConfig.cmake
[29.635s] -- Installing: /home/biswash/pointcloud_to_laserscan/install/pointcloud_to_laserscan/share/pointcloud_to_laserscan/cmake/pointcloud_to_laserscanConfig-version.cmake
[29.635s] -- Installing: /home/biswash/pointcloud_to_laserscan/install/pointcloud_to_laserscan/share/pointcloud_to_laserscan/package.xml
[29.638s] Invoked command in '/home/biswash/pointcloud_to_laserscan/build/pointcloud_to_laserscan' returned '0': CMAKE_PREFIX_PATH=${CMAKE_PREFIX_PATH}:/home/biswash/workspace/tutorial_gpt/install/task_1_hello_ros_py:/opt/ros/humble /usr/bin/cmake --install /home/biswash/pointcloud_to_laserscan/build/pointcloud_to_laserscan
